
ff: parsing domain file
domain 'FARMBOT' defined
 ... done.
ff: parsing problem file
problem 'MOTIONANDPICTURE' defined
 ... done.



ff: search configuration is A*epsilon with weight 5.
Metric is ((1.00*[RF0](TOTAL-COST)) - () + 0.00)
COST MINIMIZATION DONE (WITH cost-minimizing relaxed plans).

Advancing to goal distance:  136
                             135
                             134
                             133
                             132
                             131
                             130
                             129
                             128
                             127
                             126
                             125
                             124
                             123
                             122
                             121
                             120
                             119
                             118
                             117
                             116
                             115
                             114
                             113
                             112
                             111
                             110
                             109
                             108
                             107
                             106
                             105
                             104
                             103
                             102
                             101
                             100
                              99
                              98
                              96
                              94
                              93
                              92
                              91
                              89
                              88
                              87
                              86
                              85
                              84
                              82
                              80
                              78
                              77
                              76
                              74
                              73
                              72
                              71
                              70
                              68
                              66
                              65
                              63
                              62
                              61
                              59
                              58
                              57
                              56
                              54
                              52
                              51
                              50
                              48
                              47
                              46
                              44
                              43
                              42
                              41
                              39
                              38
                              36
                              35
                              34
                              33
                              32
                              31
                              30
                              29
                              28
                              27
                              26
                              25
                              24
                              23
                              22
                              21
                              20
                              19
                              18
                              17
                              16