
ff: parsing domain file
domain 'FARMBOT' defined
 ... done.
ff: parsing problem file
problem 'MOTIONANDPICTURE' defined
 ... done.



ff: search configuration is Enforced Hill-Climbing, then A*epsilon with weight 5.
Metric is ((1.00*[RF0](TOTAL-COST)) - () + 0.00)
COST MINIMIZATION DONE (WITH cost-minimizing relaxed plans).

Cueing down from goal distance:  100 into depth [1][2][3][4]
                                  99            [1][2]
                                  98            [1][2]
                                  97            [1][2]
                                  96            [1][2]
                                  95            [1][2]
                                  94            [1][2]
                                  93            [1][2]
                                  92            [1][2]
                                  91            [1][2]
                                  90            [1][2]
                                  89            [1][2]
                                  88            [1][2]
                                  87            [1][2]
                                  86            [1][2]
                                  85            [1][2]
                                  84            [1][2]
                                  83            [1][2]
                                  82            [1][2]
                                  81            [1][2]
                                  80            [1][2]
                                  79            [1][2]
                                  78            [1][2]
                                  77            [1][2]
                                  76            [1][2][3][4][5][6]
                                  75            [1][2]
                                  74            [1][2]
                                  73            [1][2]
                                  72            [1][2]
                                  71            [1][2]
                                  70            [1][2]
                                  69            [1][2]
                                  68            [1][2]
                                  67            [1][2]
                                  66            [1][2]
                                  65            [1][2]
                                  64            [1][2]
                                  63            [1][2]
                                  62            [1][2]
                                  61            [1][2]
                                  60            [1][2]
                                  59            [1][2]
                                  58            [1][2]
                                  57            [1][2]
                                  56            [1][2]
                                  55            [1][2]
                                  54            [1][2]
                                  53            [1][2]
                                  52            [1][2]
                                  51            [1]
                                  50            [1][2][3]
                                  49            [1]
                                  48            [1]
                                  47            [1]
                                  46            [1]
                                  45            [1]
                                  44            [1]
                                  43            [1]
                                  42            [1]
                                  41            [1]
                                  40            [1]
                                  39            [1]
                                  38            [1]
                                  37            [1]
                                  36            [1]
                                  35            [1]
                                  34            [1]
                                  33            [1]
                                  32            [1]
                                  31            [1]
                                  30            [1]
                                  29            [1]
                                  28            [1]
                                  27            [1]
                                  26            [1]
                                  25            [1]
                                  24            [1]
                                  23            [1]
                                  22            [1]
                                  21            [1]
                                  20            [1]
                                  19            [1]
                                  18            [1]
                                  17            [1]
                                  16            [1]
                                  15            [1]
                                  14            [1]
                                  13            [1]
                                  12            [1]
                                  11            [1]
                                  10            [1]
                                   9            [1]
                                   8            [1]
                                   7            [1]
                                   6            [1]
                                   5            [1]
                                   4            [1]
                                   3            [1]
                                   2            [1]
                                   1            [1]
                                   0            

ff: found legal plan as follows
step    0: MOVE FARMBOT Z6 Z0
        1: MOUNTSOILSENSOR FARMBOT
        2: MOVE FARMBOT Z0 H2
        3: TAKEDATABEFORE FARMBOT H2
        4: MOVE FARMBOT H2 H1
        5: TAKEDATABEFORE FARMBOT H1
        6: MOVE FARMBOT H1 H0
        7: TAKEDATABEFORE FARMBOT H0
        8: MOVE FARMBOT H0 G2
        9: TAKEDATABEFORE FARMBOT G2
       10: MOVE FARMBOT G2 G1
       11: TAKEDATABEFORE FARMBOT G1
       12: MOVE FARMBOT G1 G0
       13: TAKEDATABEFORE FARMBOT G0
       14: MOVE FARMBOT G0 F2
       15: TAKEDATABEFORE FARMBOT F2
       16: MOVE FARMBOT F2 F1
       17: TAKEDATABEFORE FARMBOT F1
       18: MOVE FARMBOT F1 F0
       19: TAKEDATABEFORE FARMBOT F0
       20: MOVE FARMBOT F0 E2
       21: TAKEDATABEFORE FARMBOT E2
       22: MOVE FARMBOT E2 E1
       23: TAKEDATABEFORE FARMBOT E1
       24: MOVE FARMBOT E1 E0
       25: TAKEDATABEFORE FARMBOT E0
       26: MOVE FARMBOT E0 D2
       27: TAKEDATABEFORE FARMBOT D2
       28: MOVE FARMBOT D2 D1
       29: TAKEDATABEFORE FARMBOT D1
       30: MOVE FARMBOT D1 D0
       31: TAKEDATABEFORE FARMBOT D0
       32: MOVE FARMBOT D0 C2
       33: TAKEDATABEFORE FARMBOT C2
       34: MOVE FARMBOT C2 C1
       35: TAKEDATABEFORE FARMBOT C1
       36: MOVE FARMBOT C1 C0
       37: TAKEDATABEFORE FARMBOT C0
       38: MOVE FARMBOT C0 B2
       39: TAKEDATABEFORE FARMBOT B2
       40: MOVE FARMBOT B2 B1
       41: TAKEDATABEFORE FARMBOT B1
       42: MOVE FARMBOT B1 B0
       43: TAKEDATABEFORE FARMBOT B0
       44: MOVE FARMBOT B0 A2
       45: TAKEDATABEFORE FARMBOT A2
       46: MOVE FARMBOT A2 A1
       47: TAKEDATABEFORE FARMBOT A1
       48: MOVE FARMBOT A1 A0
       49: TAKEDATABEFORE FARMBOT A0
       50: MOVE FARMBOT A0 Z0
       51: DISMOUNTSOILSENSOR FARMBOT
       52: MOVE FARMBOT Z0 Z1
       53: MOUNTWATERNOZZLE FARMBOT
       54: MOVE FARMBOT Z1 H2
       55: WATERSOIL FARMBOT H2
       56: MOVE FARMBOT H2 H1
       57: WATERSOIL FARMBOT H1
       58: MOVE FARMBOT H1 H0
       59: WATERSOIL FARMBOT H0
       60: MOVE FARMBOT H0 G2
       61: WATERSOIL FARMBOT G2
       62: MOVE FARMBOT G2 G1
       63: WATERSOIL FARMBOT G1
       64: MOVE FARMBOT G1 G0
       65: WATERSOIL FARMBOT G0
       66: MOVE FARMBOT G0 F2
       67: WATERSOIL FARMBOT F2
       68: MOVE FARMBOT F2 F1
       69: WATERSOIL FARMBOT F1
       70: MOVE FARMBOT F1 F0
       71: WATERSOIL FARMBOT F0
       72: MOVE FARMBOT F0 E2
       73: WATERSOIL FARMBOT E2
       74: MOVE FARMBOT E2 E1
       75: WATERSOIL FARMBOT E1
       76: MOVE FARMBOT E1 E0
       77: WATERSOIL FARMBOT E0
       78: MOVE FARMBOT E0 D2
       79: WATERSOIL FARMBOT D2
       80: MOVE FARMBOT D2 D1
       81: WATERSOIL FARMBOT D1
       82: MOVE FARMBOT D1 D0
       83: WATERSOIL FARMBOT D0
       84: MOVE FARMBOT D0 C2
       85: WATERSOIL FARMBOT C2
       86: MOVE FARMBOT C2 C1
       87: WATERSOIL FARMBOT C1
       88: MOVE FARMBOT C1 C0
       89: WATERSOIL FARMBOT C0
       90: MOVE FARMBOT C0 B2
       91: WATERSOIL FARMBOT B2
       92: MOVE FARMBOT B2 B1
       93: WATERSOIL FARMBOT B1
       94: MOVE FARMBOT B1 B0
       95: WATERSOIL FARMBOT B0
       96: MOVE FARMBOT B0 A2
       97: WATERSOIL FARMBOT A2
       98: MOVE FARMBOT A2 A1
       99: WATERSOIL FARMBOT A1
      100: MOVE FARMBOT A1 A0
      101: WATERSOIL FARMBOT A0
      102: MOVE FARMBOT A0 Z1
      103: DISMOUNTWATERNOZZLE FARMBOT
      104: MOVE FARMBOT Z1 Z0
      105: MOUNTSOILSENSOR FARMBOT
      106: MOVE FARMBOT Z0 H2
      107: TAKEDATAAFTER FARMBOT H2
      108: MOVE FARMBOT H2 H1
      109: TAKEDATAAFTER FARMBOT H1
      110: MOVE FARMBOT H1 H0
      111: TAKEDATAAFTER FARMBOT H0
      112: MOVE FARMBOT H0 G2
      113: TAKEDATAAFTER FARMBOT G2
      114: MOVE FARMBOT G2 G1
      115: TAKEDATAAFTER FARMBOT G1
      116: MOVE FARMBOT G1 G0
      117: TAKEDATAAFTER FARMBOT G0
      118: MOVE FARMBOT G0 F2
      119: TAKEDATAAFTER FARMBOT F2
      120: MOVE FARMBOT F2 F1
      121: TAKEDATAAFTER FARMBOT F1
      122: MOVE FARMBOT F1 F0
      123: TAKEDATAAFTER FARMBOT F0
      124: MOVE FARMBOT F0 E2
      125: TAKEDATAAFTER FARMBOT E2
      126: MOVE FARMBOT E2 E1
      127: TAKEDATAAFTER FARMBOT E1
      128: MOVE FARMBOT E1 E0
      129: TAKEDATAAFTER FARMBOT E0
      130: MOVE FARMBOT E0 D2
      131: TAKEDATAAFTER FARMBOT D2
      132: MOVE FARMBOT D2 D1
      133: TAKEDATAAFTER FARMBOT D1
      134: MOVE FARMBOT D1 D0
      135: TAKEDATAAFTER FARMBOT D0
      136: MOVE FARMBOT D0 C2
      137: TAKEDATAAFTER FARMBOT C2
      138: MOVE FARMBOT C2 C1
      139: TAKEDATAAFTER FARMBOT C1
      140: MOVE FARMBOT C1 C0
      141: TAKEDATAAFTER FARMBOT C0
      142: MOVE FARMBOT C0 B2
      143: TAKEDATAAFTER FARMBOT B2
      144: MOVE FARMBOT B2 B1
      145: TAKEDATAAFTER FARMBOT B1
      146: MOVE FARMBOT B1 B0
      147: TAKEDATAAFTER FARMBOT B0
      148: MOVE FARMBOT B0 A2
      149: TAKEDATAAFTER FARMBOT A2
      150: MOVE FARMBOT A2 A1
      151: TAKEDATAAFTER FARMBOT A1
      152: MOVE FARMBOT A1 A0
      153: TAKEDATAAFTER FARMBOT A0
      154: MOVE FARMBOT A0 Z0
      155: DISMOUNTSOILSENSOR FARMBOT
      156: MOVE FARMBOT Z0 Z6
plan cost: 98395.000000

time spent:    0.00 seconds instantiating 805 easy, 0 hard action templates
               0.00 seconds reachability analysis, yielding 102 facts and 804 actions
               0.00 seconds creating final representation with 102 relevant facts, 1 relevant fluents
               0.00 seconds computing LNF
               0.00 seconds building connectivity graph
               0.13 seconds searching, evaluating 1857 states, to a max depth of 6
               0.13 seconds total time

