
ff: parsing domain file
domain 'FARMBOT' defined
 ... done.
ff: parsing problem file
problem 'MOTIONANDPICTURE' defined
 ... done.



ff: search configuration is Enforced Hill-Climbing, then A*epsilon with weight 5.
Metric is ((1.00*[RF0](TOTAL-COST)) - () + 0.00)
COST MINIMIZATION DONE (WITH cost-minimizing relaxed plans).

Cueing down from goal distance:   88 into depth [1][2][3][4]
                                  87            [1][2]
                                  86            [1][2]
                                  85            [1][2]
                                  84            [1][2]
                                  83            [1][2]
                                  82            [1][2]
                                  81            [1][2]
                                  80            [1][2]
                                  79            [1][2]
                                  78            [1][2]
                                  77            [1][2]
                                  76            [1][2]
                                  75            [1][2]
                                  74            [1][2]
                                  73            [1][2]
                                  72            [1][2]
                                  71            [1][2]
                                  70            [1][2]
                                  69            [1][2]
                                  68            [1][2]
                                  67            [1][2][3][4][5][6]
                                  66            [1][2]
                                  65            [1][2]
                                  64            [1][2]
                                  63            [1][2]
                                  62            [1][2]
                                  61            [1][2]
                                  60            [1][2]
                                  59            [1][2]
                                  58            [1][2]
                                  57            [1][2]
                                  56            [1][2]
                                  55            [1][2]
                                  54            [1][2]
                                  53            [1][2]
                                  52            [1][2]
                                  51            [1][2]
                                  50            [1][2]
                                  49            [1][2]
                                  48            [1][2]
                                  47            [1][2]
                                  46            [1][2]
                                  45            [1]
                                  44            [1][2][3]
                                  43            [1]
                                  42            [1]
                                  41            [1]
                                  40            [1]
                                  39            [1]
                                  38            [1]
                                  37            [1]
                                  36            [1]
                                  35            [1]
                                  34            [1]
                                  33            [1]
                                  32            [1]
                                  31            [1]
                                  30            [1]
                                  29            [1]
                                  28            [1]
                                  27            [1]
                                  26            [1]
                                  25            [1]
                                  24            [1]
                                  23            [1]
                                  22            [1]
                                  21            [1]
                                  20            [1]
                                  19            [1]
                                  18            [1]
                                  17            [1]
                                  16            [1]
                                  15            [1]
                                  14            [1]
                                  13            [1]
                                  12            [1]
                                  11            [1]
                                  10            [1]
                                   9            [1]
                                   8            [1]
                                   7            [1]
                                   6            [1]
                                   5            [1]
                                   4            [1]
                                   3            [1]
                                   2            [1]
                                   1            [1]
                                   0            

ff: found legal plan as follows
step    0: MOVE FARMBOT Z6 Z0
        1: MOUNTSOILSENSOR FARMBOT
        2: MOVE FARMBOT Z0 G2
        3: TAKEDATABEFORE FARMBOT G2
        4: MOVE FARMBOT G2 G1
        5: TAKEDATABEFORE FARMBOT G1
        6: MOVE FARMBOT G1 G0
        7: TAKEDATABEFORE FARMBOT G0
        8: MOVE FARMBOT G0 F2
        9: TAKEDATABEFORE FARMBOT F2
       10: MOVE FARMBOT F2 F1
       11: TAKEDATABEFORE FARMBOT F1
       12: MOVE FARMBOT F1 F0
       13: TAKEDATABEFORE FARMBOT F0
       14: MOVE FARMBOT F0 E2
       15: TAKEDATABEFORE FARMBOT E2
       16: MOVE FARMBOT E2 E1
       17: TAKEDATABEFORE FARMBOT E1
       18: MOVE FARMBOT E1 E0
       19: TAKEDATABEFORE FARMBOT E0
       20: MOVE FARMBOT E0 D2
       21: TAKEDATABEFORE FARMBOT D2
       22: MOVE FARMBOT D2 D1
       23: TAKEDATABEFORE FARMBOT D1
       24: MOVE FARMBOT D1 D0
       25: TAKEDATABEFORE FARMBOT D0
       26: MOVE FARMBOT D0 C2
       27: TAKEDATABEFORE FARMBOT C2
       28: MOVE FARMBOT C2 C1
       29: TAKEDATABEFORE FARMBOT C1
       30: MOVE FARMBOT C1 C0
       31: TAKEDATABEFORE FARMBOT C0
       32: MOVE FARMBOT C0 B2
       33: TAKEDATABEFORE FARMBOT B2
       34: MOVE FARMBOT B2 B1
       35: TAKEDATABEFORE FARMBOT B1
       36: MOVE FARMBOT B1 B0
       37: TAKEDATABEFORE FARMBOT B0
       38: MOVE FARMBOT B0 A2
       39: TAKEDATABEFORE FARMBOT A2
       40: MOVE FARMBOT A2 A1
       41: TAKEDATABEFORE FARMBOT A1
       42: MOVE FARMBOT A1 A0
       43: TAKEDATABEFORE FARMBOT A0
       44: MOVE FARMBOT A0 Z0
       45: DISMOUNTSOILSENSOR FARMBOT
       46: MOVE FARMBOT Z0 Z1
       47: MOUNTWATERNOZZLE FARMBOT
       48: MOVE FARMBOT Z1 G2
       49: WATERSOIL FARMBOT G2
       50: MOVE FARMBOT G2 G1
       51: WATERSOIL FARMBOT G1
       52: MOVE FARMBOT G1 G0
       53: WATERSOIL FARMBOT G0
       54: MOVE FARMBOT G0 F2
       55: WATERSOIL FARMBOT F2
       56: MOVE FARMBOT F2 F1
       57: WATERSOIL FARMBOT F1
       58: MOVE FARMBOT F1 F0
       59: WATERSOIL FARMBOT F0
       60: MOVE FARMBOT F0 E2
       61: WATERSOIL FARMBOT E2
       62: MOVE FARMBOT E2 E1
       63: WATERSOIL FARMBOT E1
       64: MOVE FARMBOT E1 E0
       65: WATERSOIL FARMBOT E0
       66: MOVE FARMBOT E0 D2
       67: WATERSOIL FARMBOT D2
       68: MOVE FARMBOT D2 D1
       69: WATERSOIL FARMBOT D1
       70: MOVE FARMBOT D1 D0
       71: WATERSOIL FARMBOT D0
       72: MOVE FARMBOT D0 C2
       73: WATERSOIL FARMBOT C2
       74: MOVE FARMBOT C2 C1
       75: WATERSOIL FARMBOT C1
       76: MOVE FARMBOT C1 C0
       77: WATERSOIL FARMBOT C0
       78: MOVE FARMBOT C0 B2
       79: WATERSOIL FARMBOT B2
       80: MOVE FARMBOT B2 B1
       81: WATERSOIL FARMBOT B1
       82: MOVE FARMBOT B1 B0
       83: WATERSOIL FARMBOT B0
       84: MOVE FARMBOT B0 A2
       85: WATERSOIL FARMBOT A2
       86: MOVE FARMBOT A2 A1
       87: WATERSOIL FARMBOT A1
       88: MOVE FARMBOT A1 A0
       89: WATERSOIL FARMBOT A0
       90: MOVE FARMBOT A0 Z1
       91: DISMOUNTWATERNOZZLE FARMBOT
       92: MOVE FARMBOT Z1 Z0
       93: MOUNTSOILSENSOR FARMBOT
       94: MOVE FARMBOT Z0 G2
       95: TAKEDATAAFTER FARMBOT G2
       96: MOVE FARMBOT G2 G1
       97: TAKEDATAAFTER FARMBOT G1
       98: MOVE FARMBOT G1 G0
       99: TAKEDATAAFTER FARMBOT G0
      100: MOVE FARMBOT G0 F2
      101: TAKEDATAAFTER FARMBOT F2
      102: MOVE FARMBOT F2 F1
      103: TAKEDATAAFTER FARMBOT F1
      104: MOVE FARMBOT F1 F0
      105: TAKEDATAAFTER FARMBOT F0
      106: MOVE FARMBOT F0 E2
      107: TAKEDATAAFTER FARMBOT E2
      108: MOVE FARMBOT E2 E1
      109: TAKEDATAAFTER FARMBOT E1
      110: MOVE FARMBOT E1 E0
      111: TAKEDATAAFTER FARMBOT E0
      112: MOVE FARMBOT E0 D2
      113: TAKEDATAAFTER FARMBOT D2
      114: MOVE FARMBOT D2 D1
      115: TAKEDATAAFTER FARMBOT D1
      116: MOVE FARMBOT D1 D0
      117: TAKEDATAAFTER FARMBOT D0
      118: MOVE FARMBOT D0 C2
      119: TAKEDATAAFTER FARMBOT C2
      120: MOVE FARMBOT C2 C1
      121: TAKEDATAAFTER FARMBOT C1
      122: MOVE FARMBOT C1 C0
      123: TAKEDATAAFTER FARMBOT C0
      124: MOVE FARMBOT C0 B2
      125: TAKEDATAAFTER FARMBOT B2
      126: MOVE FARMBOT B2 B1
      127: TAKEDATAAFTER FARMBOT B1
      128: MOVE FARMBOT B1 B0
      129: TAKEDATAAFTER FARMBOT B0
      130: MOVE FARMBOT B0 A2
      131: TAKEDATAAFTER FARMBOT A2
      132: MOVE FARMBOT A2 A1
      133: TAKEDATAAFTER FARMBOT A1
      134: MOVE FARMBOT A1 A0
      135: TAKEDATAAFTER FARMBOT A0
      136: MOVE FARMBOT A0 Z0
      137: DISMOUNTSOILSENSOR FARMBOT
      138: MOVE FARMBOT Z0 Z6
plan cost: 87614.000000

time spent:    0.00 seconds instantiating 643 easy, 0 hard action templates
               0.00 seconds reachability analysis, yielding 90 facts and 642 actions
               0.00 seconds creating final representation with 90 relevant facts, 1 relevant fluents
               0.00 seconds computing LNF
               0.00 seconds building connectivity graph
               0.08 seconds searching, evaluating 1470 states, to a max depth of 6
               0.08 seconds total time

