
ff: parsing domain file
domain 'FARMBOT' defined
 ... done.
ff: parsing problem file
problem 'MOTIONANDPICTURE' defined
 ... done.



ff: search configuration is A*epsilon with weight 5.
Metric is ((1.00*[RF0](TOTAL-COST)) - () + 0.00)
COST MINIMIZATION DONE (WITH cost-minimizing relaxed plans).

Advancing to goal distance:  100
                              99
                              98
                              97
                              96
                              95
                              94
                              93
                              92
                              91
                              90
                              89
                              88
                              87
                              86
                              85
                              84
                              83
                              82
                              81
                              80
                              79
                              78
                              77
                              76
                              75
                              74
                              73
                              71
                              69
                              68
                              67
                              65
                              63
                              62
                              61
                              59
                              58
                              57
                              56
                              55
                              53
                              52
                              51
                              49
                              48
                              47
                              46
                              45
                              43
                              41
                              40
                              39
                              38
                              37
                              35
                              33
                              32
                              31
                              29
                              28
                              26
                              25
                              24
                              23
                              22
                              21
                              20
                              19
                              18
                              17
                              16
                              15
                              14
                              13
                              12
                              10
                               9
                               8
                               6
                               4
                               2
                               1
                               0

ff: found legal plan as follows
step    0: MOVE FARMBOT Z6 Z0
        1: MOUNTSOILSENSOR FARMBOT
        2: MOVE FARMBOT Z0 H2
        3: TAKEDATABEFORE FARMBOT H2
        4: MOVE FARMBOT H2 A1
        5: TAKEDATABEFORE FARMBOT A1
        6: MOVE FARMBOT A1 B2
        7: TAKEDATABEFORE FARMBOT B2
        8: MOVE FARMBOT B2 A0
        9: TAKEDATABEFORE FARMBOT A0
       10: MOVE FARMBOT A0 B0
       11: TAKEDATABEFORE FARMBOT B0
       12: MOVE FARMBOT B0 Z0
       13: DISMOUNTSOILSENSOR FARMBOT
       14: MOVE FARMBOT Z0 Z1
       15: MOUNTWATERNOZZLE FARMBOT
       16: MOVE FARMBOT Z1 A0
       17: WATERSOIL FARMBOT A0
       18: MOVE FARMBOT A0 A1
       19: WATERSOIL FARMBOT A1
       20: MOVE FARMBOT A1 Z1
       21: DISMOUNTWATERNOZZLE FARMBOT
       22: MOVE FARMBOT Z1 Z0
       23: MOUNTSOILSENSOR FARMBOT
       24: MOVE FARMBOT Z0 A0
       25: TAKEDATAAFTER FARMBOT A0
       26: MOVE FARMBOT A0 G0
       27: TAKEDATABEFORE FARMBOT G0
       28: MOVE FARMBOT G0 Z0
       29: DISMOUNTSOILSENSOR FARMBOT
       30: MOVE FARMBOT Z0 Z1
       31: MOUNTWATERNOZZLE FARMBOT
       32: MOVE FARMBOT Z1 H2
       33: WATERSOIL FARMBOT H2
       34: MOVE FARMBOT H2 Z1
       35: DISMOUNTWATERNOZZLE FARMBOT
       36: MOVE FARMBOT Z1 Z0
       37: MOUNTSOILSENSOR FARMBOT
       38: MOVE FARMBOT Z0 H2
       39: TAKEDATAAFTER FARMBOT H2
       40: MOVE FARMBOT H2 Z0
       41: DISMOUNTSOILSENSOR FARMBOT
       42: MOVE FARMBOT Z0 Z1
       43: MOUNTWATERNOZZLE FARMBOT
       44: MOVE FARMBOT Z1 G0
       45: WATERSOIL FARMBOT G0
       46: MOVE FARMBOT G0 Z1
       47: DISMOUNTWATERNOZZLE FARMBOT
       48: MOVE FARMBOT Z1 Z0
       49: MOUNTSOILSENSOR FARMBOT
       50: MOVE FARMBOT Z0 G0
       51: TAKEDATAAFTER FARMBOT G0
       52: MOVE FARMBOT G0 E0
       53: TAKEDATABEFORE FARMBOT E0
       54: MOVE FARMBOT E0 Z0
       55: MOVE FARMBOT Z0 F0
       56: TAKEDATABEFORE FARMBOT F0
       57: MOVE FARMBOT F0 Z0
       58: DISMOUNTSOILSENSOR FARMBOT
       59: MOVE FARMBOT Z0 Z1
       60: MOUNTWATERNOZZLE FARMBOT
       61: MOVE FARMBOT Z1 E0
       62: WATERSOIL FARMBOT E0
       63: MOVE FARMBOT E0 Z6
       64: MOVE FARMBOT Z6 F0
       65: WATERSOIL FARMBOT F0
       66: MOVE FARMBOT F0 Z1
       67: DISMOUNTWATERNOZZLE FARMBOT
       68: MOVE FARMBOT Z1 Z0
       69: MOUNTSOILSENSOR FARMBOT
       70: MOVE FARMBOT Z0 F0
       71: TAKEDATAAFTER FARMBOT F0
       72: MOVE FARMBOT F0 E0
       73: TAKEDATAAFTER FARMBOT E0
       74: MOVE FARMBOT E0 Z0
       75: DISMOUNTSOILSENSOR FARMBOT
       76: MOVE FARMBOT Z0 Z1
       77: MOUNTWATERNOZZLE FARMBOT
       78: MOVE FARMBOT Z1 B0
       79: WATERSOIL FARMBOT B0
       80: MOVE FARMBOT B0 Z1
       81: DISMOUNTWATERNOZZLE FARMBOT
       82: MOVE FARMBOT Z1 Z0
       83: MOUNTSOILSENSOR FARMBOT
       84: MOVE FARMBOT Z0 H1
       85: TAKEDATABEFORE FARMBOT H1
       86: MOVE FARMBOT H1 Z0
       87: DISMOUNTSOILSENSOR FARMBOT
       88: MOVE FARMBOT Z0 Z1
       89: MOUNTWATERNOZZLE FARMBOT
       90: MOVE FARMBOT Z1 H1
       91: WATERSOIL FARMBOT H1
       92: MOVE FARMBOT H1 Z1
       93: DISMOUNTWATERNOZZLE FARMBOT
       94: MOVE FARMBOT Z1 Z0
       95: MOUNTSOILSENSOR FARMBOT
       96: MOVE FARMBOT Z0 H1
       97: TAKEDATAAFTER FARMBOT H1
       98: MOVE FARMBOT H1 A1
       99: TAKEDATAAFTER FARMBOT A1
      100: MOVE FARMBOT A1 G1
      101: TAKEDATABEFORE FARMBOT G1
      102: MOVE FARMBOT G1 Z0
      103: DISMOUNTSOILSENSOR FARMBOT
      104: MOVE FARMBOT Z0 Z1
      105: MOUNTWATERNOZZLE FARMBOT
      106: MOVE FARMBOT Z1 G1
      107: WATERSOIL FARMBOT G1
      108: MOVE FARMBOT G1 Z1
      109: DISMOUNTWATERNOZZLE FARMBOT
      110: MOVE FARMBOT Z1 Z0
      111: MOUNTSOILSENSOR FARMBOT
      112: MOVE FARMBOT Z0 G1
      113: TAKEDATAAFTER FARMBOT G1
      114: MOVE FARMBOT G1 B0
      115: TAKEDATAAFTER FARMBOT B0
      116: MOVE FARMBOT B0 G2
      117: TAKEDATABEFORE FARMBOT G2
      118: MOVE FARMBOT G2 Z0
      119: DISMOUNTSOILSENSOR FARMBOT
      120: MOVE FARMBOT Z0 Z1
      121: MOUNTWATERNOZZLE FARMBOT
      122: MOVE FARMBOT Z1 G2
      123: WATERSOIL FARMBOT G2
      124: MOVE FARMBOT G2 Z1
      125: DISMOUNTWATERNOZZLE FARMBOT
      126: MOVE FARMBOT Z1 Z0
      127: MOUNTSOILSENSOR FARMBOT
      128: MOVE FARMBOT Z0 G2
      129: TAKEDATAAFTER FARMBOT G2
      130: MOVE FARMBOT G2 F2
      131: TAKEDATABEFORE FARMBOT F2
      132: MOVE FARMBOT F2 Z0
      133: DISMOUNTSOILSENSOR FARMBOT
      134: MOVE FARMBOT Z0 Z1
      135: MOUNTWATERNOZZLE FARMBOT
      136: MOVE FARMBOT Z1 F2
      137: WATERSOIL FARMBOT F2
      138: MOVE FARMBOT F2 Z1
      139: DISMOUNTWATERNOZZLE FARMBOT
      140: MOVE FARMBOT Z1 Z0
      141: MOUNTSOILSENSOR FARMBOT
      142: MOVE FARMBOT Z0 E1
      143: TAKEDATABEFORE FARMBOT E1
      144: MOVE FARMBOT E1 Z0
      145: DISMOUNTSOILSENSOR FARMBOT
      146: MOVE FARMBOT Z0 Z1
      147: MOUNTWATERNOZZLE FARMBOT
      148: MOVE FARMBOT Z1 E1
      149: WATERSOIL FARMBOT E1
      150: MOVE FARMBOT E1 Z1
      151: DISMOUNTWATERNOZZLE FARMBOT
      152: MOVE FARMBOT Z1 Z0
      153: MOUNTSOILSENSOR FARMBOT
      154: MOVE FARMBOT Z0 F2
      155: TAKEDATAAFTER FARMBOT F2
      156: MOVE FARMBOT F2 H0
      157: TAKEDATABEFORE FARMBOT H0
      158: MOVE FARMBOT H0 Z0
      159: DISMOUNTSOILSENSOR FARMBOT
      160: MOVE FARMBOT Z0 Z1
      161: MOUNTWATERNOZZLE FARMBOT
      162: MOVE FARMBOT Z1 H0
      163: WATERSOIL FARMBOT H0
      164: MOVE FARMBOT H0 Z1
      165: DISMOUNTWATERNOZZLE FARMBOT
      166: MOVE FARMBOT Z1 Z0
      167: MOUNTSOILSENSOR FARMBOT
      168: MOVE FARMBOT Z0 H0
      169: TAKEDATAAFTER FARMBOT H0
      170: MOVE FARMBOT H0 E2
      171: TAKEDATABEFORE FARMBOT E2
      172: MOVE FARMBOT E2 Z0
      173: DISMOUNTSOILSENSOR FARMBOT
      174: MOVE FARMBOT Z0 Z1
      175: MOUNTWATERNOZZLE FARMBOT
      176: MOVE FARMBOT Z1 E2
      177: WATERSOIL FARMBOT E2
      178: MOVE FARMBOT E2 Z1
      179: DISMOUNTWATERNOZZLE FARMBOT
      180: MOVE FARMBOT Z1 Z0
      181: MOUNTSOILSENSOR FARMBOT
      182: MOVE FARMBOT Z0 F1
      183: TAKEDATABEFORE FARMBOT F1
      184: MOVE FARMBOT F1 Z0
      185: DISMOUNTSOILSENSOR FARMBOT
      186: MOVE FARMBOT Z0 Z1
      187: MOUNTWATERNOZZLE FARMBOT
      188: MOVE FARMBOT Z1 F1
      189: WATERSOIL FARMBOT F1
      190: MOVE FARMBOT F1 Z1
      191: DISMOUNTWATERNOZZLE FARMBOT
      192: MOVE FARMBOT Z1 Z0
      193: MOUNTSOILSENSOR FARMBOT
      194: MOVE FARMBOT Z0 E2
      195: TAKEDATAAFTER FARMBOT E2
      196: MOVE FARMBOT E2 F1
      197: TAKEDATAAFTER FARMBOT F1
      198: MOVE FARMBOT F1 D2
      199: TAKEDATABEFORE FARMBOT D2
      200: MOVE FARMBOT D2 Z0
      201: DISMOUNTSOILSENSOR FARMBOT
      202: MOVE FARMBOT Z0 Z1
      203: MOUNTWATERNOZZLE FARMBOT
      204: MOVE FARMBOT Z1 D2
      205: WATERSOIL FARMBOT D2
      206: MOVE FARMBOT D2 Z1
      207: DISMOUNTWATERNOZZLE FARMBOT
      208: MOVE FARMBOT Z1 Z0
      209: MOUNTSOILSENSOR FARMBOT
      210: MOVE FARMBOT Z0 D1
      211: TAKEDATABEFORE FARMBOT D1
      212: MOVE FARMBOT D1 Z0
      213: DISMOUNTSOILSENSOR FARMBOT
      214: MOVE FARMBOT Z0 Z1
      215: MOUNTWATERNOZZLE FARMBOT
      216: MOVE FARMBOT Z1 D1
      217: WATERSOIL FARMBOT D1
      218: MOVE FARMBOT D1 Z1
      219: DISMOUNTWATERNOZZLE FARMBOT
      220: MOVE FARMBOT Z1 Z0
      221: MOUNTSOILSENSOR FARMBOT
      222: MOVE FARMBOT Z0 E1
      223: TAKEDATAAFTER FARMBOT E1
      224: MOVE FARMBOT E1 D2
      225: TAKEDATAAFTER FARMBOT D2
      226: MOVE FARMBOT D2 B1
      227: TAKEDATABEFORE FARMBOT B1
      228: MOVE FARMBOT B1 C1
      229: TAKEDATABEFORE FARMBOT C1
      230: MOVE FARMBOT C1 D1
      231: TAKEDATAAFTER FARMBOT D1
      232: MOVE FARMBOT D1 C2
      233: TAKEDATABEFORE FARMBOT C2
      234: MOVE FARMBOT C2 A2
      235: TAKEDATABEFORE FARMBOT A2
      236: MOVE FARMBOT A2 D0
      237: TAKEDATABEFORE FARMBOT D0
      238: MOVE FARMBOT D0 C0
      239: TAKEDATABEFORE FARMBOT C0
      240: MOVE FARMBOT C0 Z0
      241: DISMOUNTSOILSENSOR FARMBOT
      242: MOVE FARMBOT Z0 Z1
      243: MOUNTWATERNOZZLE FARMBOT
      244: MOVE FARMBOT Z1 A2
      245: WATERSOIL FARMBOT A2
      246: MOVE FARMBOT A2 B1
      247: WATERSOIL FARMBOT B1
      248: MOVE FARMBOT B1 C1
      249: WATERSOIL FARMBOT C1
      250: MOVE FARMBOT C1 C0
      251: WATERSOIL FARMBOT C0
      252: MOVE FARMBOT C0 D0
      253: WATERSOIL FARMBOT D0
      254: MOVE FARMBOT D0 C2
      255: WATERSOIL FARMBOT C2
      256: MOVE FARMBOT C2 B2
      257: WATERSOIL FARMBOT B2
      258: MOVE FARMBOT B2 Z1
      259: DISMOUNTWATERNOZZLE FARMBOT
      260: MOVE FARMBOT Z1 Z0
      261: MOUNTSOILSENSOR FARMBOT
      262: MOVE FARMBOT Z0 A2
      263: TAKEDATAAFTER FARMBOT A2
      264: MOVE FARMBOT A2 B1
      265: TAKEDATAAFTER FARMBOT B1
      266: MOVE FARMBOT B1 C1
      267: TAKEDATAAFTER FARMBOT C1
      268: MOVE FARMBOT C1 B2
      269: TAKEDATAAFTER FARMBOT B2
      270: MOVE FARMBOT B2 D0
      271: TAKEDATAAFTER FARMBOT D0
      272: MOVE FARMBOT D0 C2
      273: TAKEDATAAFTER FARMBOT C2
      274: MOVE FARMBOT C2 C0
      275: TAKEDATAAFTER FARMBOT C0
      276: MOVE FARMBOT C0 Z0
      277: DISMOUNTSOILSENSOR FARMBOT
      278: MOVE FARMBOT Z0 Z6
plan cost: 345006.000000

time spent:    0.00 seconds instantiating 805 easy, 0 hard action templates
               0.00 seconds reachability analysis, yielding 102 facts and 804 actions
               0.00 seconds creating final representation with 102 relevant facts, 1 relevant fluents
               0.00 seconds computing LNF
               0.00 seconds building connectivity graph
            14955.44 seconds searching, evaluating 1681379 states, to a max depth of 0
            14955.44 seconds total time

