
ff: parsing domain file
domain 'FARMBOT' defined
 ... done.
ff: parsing problem file
problem 'MOTIONANDPICTURE' defined
 ... done.



ff: search configuration is A*epsilon with weight 5.
Metric is ((1.00*[RF0](TOTAL-COST)) - () + 0.00)
COST MINIMIZATION DONE (WITH cost-minimizing relaxed plans).

Advancing to goal distance:  112
                             111
                             110
                             109
                             108
                             107
                             106
                             105
                             104
                             103
                             102
                             101
                             100
                              99
                              98
                              97
                              96
                              95
                              94
                              93
                              92
                              91
                              90
                              89
                              88
                              87
                              86
                              85
                              83
                              82
                              81
                              80
                              78
                              76
                              75
                              74
                              72
                              71
                              70
                              68
                              67
                              66
                              64
                              63
                              62
                              60
                              58
                              57
                              56
                              55
                              54
                              52
                              50
                              49
                              48
                              47
                              46
                              44
                              43
                              42
                              40
                              39
                              38
                              37
                              35
                              34
                              32
                              30
                              29
                              28
                              26
                              25
                              24
                              23
                              22
                              21
                              19
                              18
                              17
                              16
                              15
                              14
                              13
                              12
                              11
                              10
                               9
                               7
                               6
                               5
                               4
                               2
                               1
                               0

ff: found legal plan as follows
step    0: MOVE FARMBOT Z6 Z0
        1: MOUNTSOILSENSOR FARMBOT
        2: MOVE FARMBOT Z0 A0
        3: TAKEDATABEFORE FARMBOT A0
        4: MOVE FARMBOT A0 Z0
        5: DISMOUNTSOILSENSOR FARMBOT
        6: MOVE FARMBOT Z0 Z1
        7: MOUNTWATERNOZZLE FARMBOT
        8: MOVE FARMBOT Z1 A0
        9: WATERSOIL FARMBOT A0
       10: MOVE FARMBOT A0 Z1
       11: DISMOUNTWATERNOZZLE FARMBOT
       12: MOVE FARMBOT Z1 Z0
       13: MOUNTSOILSENSOR FARMBOT
       14: MOVE FARMBOT Z0 A1
       15: TAKEDATABEFORE FARMBOT A1
       16: MOVE FARMBOT A1 A2
       17: TAKEDATABEFORE FARMBOT A2
       18: MOVE FARMBOT A2 A0
       19: TAKEDATAAFTER FARMBOT A0
       20: MOVE FARMBOT A0 H0
       21: TAKEDATABEFORE FARMBOT H0
       22: MOVE FARMBOT H0 I0
       23: TAKEDATABEFORE FARMBOT I0
       24: MOVE FARMBOT I0 I2
       25: TAKEDATABEFORE FARMBOT I2
       26: MOVE FARMBOT I2 Z0
       27: DISMOUNTSOILSENSOR FARMBOT
       28: MOVE FARMBOT Z0 Z1
       29: MOUNTWATERNOZZLE FARMBOT
       30: MOVE FARMBOT Z1 I0
       31: WATERSOIL FARMBOT I0
       32: MOVE FARMBOT I0 I2
       33: WATERSOIL FARMBOT I2
       34: MOVE FARMBOT I2 Z1
       35: DISMOUNTWATERNOZZLE FARMBOT
       36: MOVE FARMBOT Z1 Z0
       37: MOUNTSOILSENSOR FARMBOT
       38: MOVE FARMBOT Z0 I0
       39: TAKEDATAAFTER FARMBOT I0
       40: MOVE FARMBOT I0 I2
       41: TAKEDATAAFTER FARMBOT I2
       42: MOVE FARMBOT I2 Z0
       43: DISMOUNTSOILSENSOR FARMBOT
       44: MOVE FARMBOT Z0 Z1
       45: MOUNTWATERNOZZLE FARMBOT
       46: MOVE FARMBOT Z1 H0
       47: WATERSOIL FARMBOT H0
       48: MOVE FARMBOT H0 Z1
       49: DISMOUNTWATERNOZZLE FARMBOT
       50: MOVE FARMBOT Z1 Z0
       51: MOUNTSOILSENSOR FARMBOT
       52: MOVE FARMBOT Z0 F0
       53: TAKEDATABEFORE FARMBOT F0
       54: MOVE FARMBOT F0 H0
       55: TAKEDATAAFTER FARMBOT H0
       56: MOVE FARMBOT H0 G0
       57: TAKEDATABEFORE FARMBOT G0
       58: MOVE FARMBOT G0 Z0
       59: DISMOUNTSOILSENSOR FARMBOT
       60: MOVE FARMBOT Z0 Z1
       61: MOUNTWATERNOZZLE FARMBOT
       62: MOVE FARMBOT Z1 G0
       63: WATERSOIL FARMBOT G0
       64: MOVE FARMBOT G0 F0
       65: WATERSOIL FARMBOT F0
       66: MOVE FARMBOT F0 Z1
       67: DISMOUNTWATERNOZZLE FARMBOT
       68: MOVE FARMBOT Z1 Z0
       69: MOUNTSOILSENSOR FARMBOT
       70: MOVE FARMBOT Z0 F0
       71: TAKEDATAAFTER FARMBOT F0
       72: MOVE FARMBOT F0 Z0
       73: DISMOUNTSOILSENSOR FARMBOT
       74: MOVE FARMBOT Z0 Z1
       75: MOUNTWATERNOZZLE FARMBOT
       76: MOVE FARMBOT Z1 A1
       77: WATERSOIL FARMBOT A1
       78: MOVE FARMBOT A1 Z1
       79: DISMOUNTWATERNOZZLE FARMBOT
       80: MOVE FARMBOT Z1 Z0
       81: MOUNTSOILSENSOR FARMBOT
       82: MOVE FARMBOT Z0 I1
       83: TAKEDATABEFORE FARMBOT I1
       84: MOVE FARMBOT I1 Z0
       85: DISMOUNTSOILSENSOR FARMBOT
       86: MOVE FARMBOT Z0 Z1
       87: MOUNTWATERNOZZLE FARMBOT
       88: MOVE FARMBOT Z1 I1
       89: WATERSOIL FARMBOT I1
       90: MOVE FARMBOT I1 Z1
       91: DISMOUNTWATERNOZZLE FARMBOT
       92: MOVE FARMBOT Z1 Z0
       93: MOUNTSOILSENSOR FARMBOT
       94: MOVE FARMBOT Z0 I1
       95: TAKEDATAAFTER FARMBOT I1
       96: MOVE FARMBOT I1 Z0
       97: DISMOUNTSOILSENSOR FARMBOT
       98: MOVE FARMBOT Z0 Z1
       99: MOUNTWATERNOZZLE FARMBOT
      100: MOVE FARMBOT Z1 A2
      101: WATERSOIL FARMBOT A2
      102: MOVE FARMBOT A2 Z1
      103: DISMOUNTWATERNOZZLE FARMBOT
      104: MOVE FARMBOT Z1 Z0
      105: MOUNTSOILSENSOR FARMBOT
      106: MOVE FARMBOT Z0 H1
      107: TAKEDATABEFORE FARMBOT H1
      108: MOVE FARMBOT H1 Z0
      109: DISMOUNTSOILSENSOR FARMBOT
      110: MOVE FARMBOT Z0 Z1
      111: MOUNTWATERNOZZLE FARMBOT
      112: MOVE FARMBOT Z1 H1
      113: WATERSOIL FARMBOT H1
      114: MOVE FARMBOT H1 Z1
      115: DISMOUNTWATERNOZZLE FARMBOT
      116: MOVE FARMBOT Z1 Z0
      117: MOUNTSOILSENSOR FARMBOT
      118: MOVE FARMBOT Z0 H1
      119: TAKEDATAAFTER FARMBOT H1
      120: MOVE FARMBOT H1 A1
      121: TAKEDATAAFTER FARMBOT A1
      122: MOVE FARMBOT A1 H2
      123: TAKEDATABEFORE FARMBOT H2
      124: MOVE FARMBOT H2 Z0
      125: DISMOUNTSOILSENSOR FARMBOT
      126: MOVE FARMBOT Z0 Z1
      127: MOUNTWATERNOZZLE FARMBOT
      128: MOVE FARMBOT Z1 H2
      129: WATERSOIL FARMBOT H2
      130: MOVE FARMBOT H2 Z1
      131: DISMOUNTWATERNOZZLE FARMBOT
      132: MOVE FARMBOT Z1 Z0
      133: MOUNTSOILSENSOR FARMBOT
      134: MOVE FARMBOT Z0 H2
      135: TAKEDATAAFTER FARMBOT H2
      136: MOVE FARMBOT H2 B0
      137: TAKEDATABEFORE FARMBOT B0
      138: MOVE FARMBOT B0 Z0
      139: DISMOUNTSOILSENSOR FARMBOT
      140: MOVE FARMBOT Z0 Z1
      141: MOUNTWATERNOZZLE FARMBOT
      142: MOVE FARMBOT Z1 B0
      143: WATERSOIL FARMBOT B0
      144: MOVE FARMBOT B0 Z1
      145: DISMOUNTWATERNOZZLE FARMBOT
      146: MOVE FARMBOT Z1 Z0
      147: MOUNTSOILSENSOR FARMBOT
      148: MOVE FARMBOT Z0 B0
      149: TAKEDATAAFTER FARMBOT B0
      150: MOVE FARMBOT B0 G1
      151: TAKEDATABEFORE FARMBOT G1
      152: MOVE FARMBOT G1 Z0
      153: DISMOUNTSOILSENSOR FARMBOT
      154: MOVE FARMBOT Z0 Z1
      155: MOUNTWATERNOZZLE FARMBOT
      156: MOVE FARMBOT Z1 G1
      157: WATERSOIL FARMBOT G1
      158: MOVE FARMBOT G1 Z1
      159: DISMOUNTWATERNOZZLE FARMBOT
      160: MOVE FARMBOT Z1 Z0
      161: MOUNTSOILSENSOR FARMBOT
      162: MOVE FARMBOT Z0 G1
      163: TAKEDATAAFTER FARMBOT G1
      164: MOVE FARMBOT G1 G2
      165: TAKEDATABEFORE FARMBOT G2
      166: MOVE FARMBOT G2 Z0
      167: DISMOUNTSOILSENSOR FARMBOT
      168: MOVE FARMBOT Z0 Z1
      169: MOUNTWATERNOZZLE FARMBOT
      170: MOVE FARMBOT Z1 G2
      171: WATERSOIL FARMBOT G2
      172: MOVE FARMBOT G2 Z1
      173: DISMOUNTWATERNOZZLE FARMBOT
      174: MOVE FARMBOT Z1 Z0
      175: MOUNTSOILSENSOR FARMBOT
      176: MOVE FARMBOT Z0 G0
      177: TAKEDATAAFTER FARMBOT G0
      178: MOVE FARMBOT G0 G2
      179: TAKEDATAAFTER FARMBOT G2
      180: MOVE FARMBOT G2 F1
      181: TAKEDATABEFORE FARMBOT F1
      182: MOVE FARMBOT F1 Z0
      183: DISMOUNTSOILSENSOR FARMBOT
      184: MOVE FARMBOT Z0 Z1
      185: MOUNTWATERNOZZLE FARMBOT
      186: MOVE FARMBOT Z1 F1
      187: WATERSOIL FARMBOT F1
      188: MOVE FARMBOT F1 Z1
      189: DISMOUNTWATERNOZZLE FARMBOT
      190: MOVE FARMBOT Z1 Z0
      191: MOUNTSOILSENSOR FARMBOT
      192: MOVE FARMBOT Z0 F2
      193: TAKEDATABEFORE FARMBOT F2
      194: MOVE FARMBOT F2 Z0
      195: DISMOUNTSOILSENSOR FARMBOT
      196: MOVE FARMBOT Z0 Z1
      197: MOUNTWATERNOZZLE FARMBOT
      198: MOVE FARMBOT Z1 F2
      199: WATERSOIL FARMBOT F2
      200: MOVE FARMBOT F2 Z1
      201: DISMOUNTWATERNOZZLE FARMBOT
      202: MOVE FARMBOT Z1 Z0
      203: MOUNTSOILSENSOR FARMBOT
      204: MOVE FARMBOT Z0 F1
      205: TAKEDATAAFTER FARMBOT F1
      206: MOVE FARMBOT F1 F2
      207: TAKEDATAAFTER FARMBOT F2
      208: MOVE FARMBOT F2 D2
      209: TAKEDATABEFORE FARMBOT D2
      210: MOVE FARMBOT D2 Z0
      211: DISMOUNTSOILSENSOR FARMBOT
      212: MOVE FARMBOT Z0 Z1
      213: MOUNTWATERNOZZLE FARMBOT
      214: MOVE FARMBOT Z1 D2
      215: WATERSOIL FARMBOT D2
      216: MOVE FARMBOT D2 Z1
      217: DISMOUNTWATERNOZZLE FARMBOT
      218: MOVE FARMBOT Z1 Z0
      219: MOUNTSOILSENSOR FARMBOT
      220: MOVE FARMBOT Z0 E2
      221: TAKEDATABEFORE FARMBOT E2
      222: MOVE FARMBOT E2 Z0
      223: DISMOUNTSOILSENSOR FARMBOT
      224: MOVE FARMBOT Z0 Z1
      225: MOUNTWATERNOZZLE FARMBOT
      226: MOVE FARMBOT Z1 E2
      227: WATERSOIL FARMBOT E2
      228: MOVE FARMBOT E2 Z1
      229: DISMOUNTWATERNOZZLE FARMBOT
      230: MOVE FARMBOT Z1 Z0
      231: MOUNTSOILSENSOR FARMBOT
      232: MOVE FARMBOT Z0 E2
      233: TAKEDATAAFTER FARMBOT E2
      234: MOVE FARMBOT E2 E1
      235: TAKEDATABEFORE FARMBOT E1
      236: MOVE FARMBOT E1 Z0
      237: DISMOUNTSOILSENSOR FARMBOT
      238: MOVE FARMBOT Z0 Z1
      239: MOUNTWATERNOZZLE FARMBOT
      240: MOVE FARMBOT Z1 E1
      241: WATERSOIL FARMBOT E1
      242: MOVE FARMBOT E1 Z1
      243: DISMOUNTWATERNOZZLE FARMBOT
      244: MOVE FARMBOT Z1 Z0
      245: MOUNTSOILSENSOR FARMBOT
      246: MOVE FARMBOT Z0 E1
      247: TAKEDATAAFTER FARMBOT E1
      248: MOVE FARMBOT E1 C2
      249: TAKEDATABEFORE FARMBOT C2
      250: MOVE FARMBOT C2 D1
      251: TAKEDATABEFORE FARMBOT D1
      252: MOVE FARMBOT D1 Z0
      253: DISMOUNTSOILSENSOR FARMBOT
      254: MOVE FARMBOT Z0 Z1
      255: MOUNTWATERNOZZLE FARMBOT
      256: MOVE FARMBOT Z1 D1
      257: WATERSOIL FARMBOT D1
      258: MOVE FARMBOT D1 Z1
      259: DISMOUNTWATERNOZZLE FARMBOT
      260: MOVE FARMBOT Z1 Z0
      261: MOUNTSOILSENSOR FARMBOT
      262: MOVE FARMBOT Z0 D2
      263: TAKEDATAAFTER FARMBOT D2
      264: MOVE FARMBOT D2 Z0
      265: DISMOUNTSOILSENSOR FARMBOT
      266: MOVE FARMBOT Z0 Z1
      267: MOUNTWATERNOZZLE FARMBOT
      268: MOVE FARMBOT Z1 C2
      269: WATERSOIL FARMBOT C2
      270: MOVE FARMBOT C2 Z1
      271: DISMOUNTWATERNOZZLE FARMBOT
      272: MOVE FARMBOT Z1 Z0
      273: MOUNTSOILSENSOR FARMBOT
      274: MOVE FARMBOT Z0 A2
      275: TAKEDATAAFTER FARMBOT A2
      276: MOVE FARMBOT A2 D1
      277: TAKEDATAAFTER FARMBOT D1
      278: MOVE FARMBOT D1 B1
      279: TAKEDATABEFORE FARMBOT B1
      280: MOVE FARMBOT B1 E0
      281: TAKEDATABEFORE FARMBOT E0
      282: MOVE FARMBOT E0 B2
      283: TAKEDATABEFORE FARMBOT B2
      284: MOVE FARMBOT B2 C2
      285: TAKEDATAAFTER FARMBOT C2
      286: MOVE FARMBOT C2 D0
      287: TAKEDATABEFORE FARMBOT D0
      288: MOVE FARMBOT D0 C0
      289: TAKEDATABEFORE FARMBOT C0
      290: MOVE FARMBOT C0 C1
      291: TAKEDATABEFORE FARMBOT C1
      292: MOVE FARMBOT C1 Z0
      293: DISMOUNTSOILSENSOR FARMBOT
      294: MOVE FARMBOT Z0 Z1
      295: MOUNTWATERNOZZLE FARMBOT
      296: MOVE FARMBOT Z1 B1
      297: WATERSOIL FARMBOT B1
      298: MOVE FARMBOT B1 D0
      299: WATERSOIL FARMBOT D0
      300: MOVE FARMBOT D0 E0
      301: WATERSOIL FARMBOT E0
      302: MOVE FARMBOT E0 B2
      303: WATERSOIL FARMBOT B2
      304: MOVE FARMBOT B2 C1
      305: WATERSOIL FARMBOT C1
      306: MOVE FARMBOT C1 C0
      307: WATERSOIL FARMBOT C0
      308: MOVE FARMBOT C0 Z1
      309: DISMOUNTWATERNOZZLE FARMBOT
      310: MOVE FARMBOT Z1 Z0
      311: MOUNTSOILSENSOR FARMBOT
      312: MOVE FARMBOT Z0 B1
      313: TAKEDATAAFTER FARMBOT B1
      314: MOVE FARMBOT B1 E0
      315: TAKEDATAAFTER FARMBOT E0
      316: MOVE FARMBOT E0 C1
      317: TAKEDATAAFTER FARMBOT C1
      318: MOVE FARMBOT C1 D0
      319: TAKEDATAAFTER FARMBOT D0
      320: MOVE FARMBOT D0 B2
      321: TAKEDATAAFTER FARMBOT B2
      322: MOVE FARMBOT B2 C0
      323: TAKEDATAAFTER FARMBOT C0
      324: MOVE FARMBOT C0 Z0
      325: DISMOUNTSOILSENSOR FARMBOT
      326: MOVE FARMBOT Z0 Z6
plan cost: 400656.000000

time spent:    0.00 seconds instantiating 985 easy, 0 hard action templates
               0.00 seconds reachability analysis, yielding 114 facts and 984 actions
               0.00 seconds creating final representation with 114 relevant facts, 1 relevant fluents
               0.00 seconds computing LNF
               0.00 seconds building connectivity graph
            30192.95 seconds searching, evaluating 1860303 states, to a max depth of 0
            30192.95 seconds total time

